gpasm-1.2.0 #980 (Jun  5 2013) build/default/   6-24-2015  15:41:23         PAGE  1


LOC  OBJECT CODE     LINE SOURCE TEXT
  VALUE

                      00001 ;--------------------------------------------------------
                      00002 ; File Created by SDCC : free open source ANSI-C Compiler
                      00003 ; Version 3.3.0 #8604 (May 11 2013) (Linux)
                      00004 ; This file was generated Wed Jun 24 15:41:23 2015
                      00005 ;--------------------------------------------------------
                      00006 ; PIC port for the 14-bit core
                      00007 ;--------------------------------------------------------
                      00008 ;       .file   "timer.c"
                      00009         list    p=16f88
                      00010         radix dec
                      00011         include "p16f88.inc"
                      00001         LIST
                      00002 
                      00003 ;==========================================================================
                      00004 ;  MPASM PIC16F88 processor include
                      00005 ; 
                      00006 ;  (c) Copyright 1999-2013 Microchip Technology, All rights reserved
                      00007 ;==========================================================================
                      00008 
                      00549         LIST
                      00012 ;--------------------------------------------------------
                      00013 ; external declarations
                      00014 ;--------------------------------------------------------
  0000                00015         extern  _STATUSbits
  0000                00016         extern  _PORTAbits
  0000                00017         extern  _PORTBbits
  0000                00018         extern  _INTCONbits
  0000                00019         extern  _PIR1bits
  0000                00020         extern  _PIR2bits
  0000                00021         extern  _T1CONbits
  0000                00022         extern  _T2CONbits
  0000                00023         extern  _SSPCONbits
  0000                00024         extern  _CCP1CONbits
  0000                00025         extern  _RCSTAbits
  0000                00026         extern  _ADCON0bits
  0000                00027         extern  _OPTION_REGbits
  0000                00028         extern  _TRISAbits
  0000                00029         extern  _TRISBbits
  0000                00030         extern  _PIE1bits
  0000                00031         extern  _PIE2bits
  0000                00032         extern  _PCONbits
  0000                00033         extern  _OSCCONbits
  0000                00034         extern  _OSCTUNEbits
  0000                00035         extern  _SSPSTATbits
  0000                00036         extern  _TXSTAbits
  0000                00037         extern  _ANSELbits
  0000                00038         extern  _CMCONbits
  0000                00039         extern  _CVRCONbits
  0000                00040         extern  _ADCON1bits
  0000                00041         extern  _WDTCONbits
  0000                00042         extern  _EECON1bits
  0000                00043         extern  _INDF
  0000                00044         extern  _TMR0
gpasm-1.2.0 #980 (Jun  5 2013) build/default/   6-24-2015  15:41:23         PAGE  2


LOC  OBJECT CODE     LINE SOURCE TEXT
  VALUE

  0000                00045         extern  _PCL
  0000                00046         extern  _STATUS
  0000                00047         extern  _FSR
  0000                00048         extern  _PORTA
  0000                00049         extern  _PORTB
  0000                00050         extern  _PCLATH
  0000                00051         extern  _INTCON
  0000                00052         extern  _PIR1
  0000                00053         extern  _PIR2
  0000                00054         extern  _TMR1
  0000                00055         extern  _TMR1L
  0000                00056         extern  _TMR1H
  0000                00057         extern  _T1CON
  0000                00058         extern  _TMR2
  0000                00059         extern  _T2CON
  0000                00060         extern  _SSPBUF
  0000                00061         extern  _SSPCON
  0000                00062         extern  _CCPR1
  0000                00063         extern  _CCPR1L
  0000                00064         extern  _CCPR1H
  0000                00065         extern  _CCP1CON
  0000                00066         extern  _RCSTA
  0000                00067         extern  _TXREG
  0000                00068         extern  _RCREG
  0000                00069         extern  _ADRESH
  0000                00070         extern  _ADCON0
  0000                00071         extern  _OPTION_REG
  0000                00072         extern  _TRISA
  0000                00073         extern  _TRISB
  0000                00074         extern  _PIE1
  0000                00075         extern  _PIE2
  0000                00076         extern  _PCON
  0000                00077         extern  _OSCCON
  0000                00078         extern  _OSCTUNE
  0000                00079         extern  _PR2
  0000                00080         extern  _SSPADD
  0000                00081         extern  _SSPSTAT
  0000                00082         extern  _TXSTA
  0000                00083         extern  _SPBRG
  0000                00084         extern  _ANSEL
  0000                00085         extern  _CMCON
  0000                00086         extern  _CVRCON
  0000                00087         extern  _ADRESL
  0000                00088         extern  _ADCON1
  0000                00089         extern  _WDTCON
  0000                00090         extern  _EEDATA
  0000                00091         extern  _EEADR
  0000                00092         extern  _EEDATH
  0000                00093         extern  _EEADRH
  0000                00094         extern  _EECON1
  0000                00095         extern  _EECON2
                      00096 
  0000                00097         extern PSAVE
gpasm-1.2.0 #980 (Jun  5 2013) build/default/   6-24-2015  15:41:23         PAGE  3


LOC  OBJECT CODE     LINE SOURCE TEXT
  VALUE

  0000                00098         extern SSAVE
  0000                00099         extern WSAVE
  0000                00100         extern STK12
  0000                00101         extern STK11
  0000                00102         extern STK10
  0000                00103         extern STK09
  0000                00104         extern STK08
  0000                00105         extern STK07
  0000                00106         extern STK06
  0000                00107         extern STK05
  0000                00108         extern STK04
  0000                00109         extern STK03
  0000                00110         extern STK02
  0000                00111         extern STK01
  0000                00112         extern STK00
                      00113 ;--------------------------------------------------------
                      00114 ; global declarations
                      00115 ;--------------------------------------------------------
  0000                00116         global  _timer_start
  0000                00117         global  _timer_init
                      00118 
                      00119 ;--------------------------------------------------------
                      00120 ; global definitions
                      00121 ;--------------------------------------------------------
                      00122 ;--------------------------------------------------------
                      00123 ; absolute symbol definitions
                      00124 ;--------------------------------------------------------
                      00125 ;--------------------------------------------------------
                      00126 ; compiler-defined variables
                      00127 ;--------------------------------------------------------
                      00128 ;--------------------------------------------------------
                      00129 ; initialized data
                      00130 ;--------------------------------------------------------
                      00131 ;--------------------------------------------------------
                      00132 ; overlayable items in internal ram 
                      00133 ;--------------------------------------------------------
                      00134 ;       udata_ovr
                      00135 ;--------------------------------------------------------
                      00136 ; code
                      00137 ;--------------------------------------------------------
                      00138 code_timer      code
                      00139 ;***
                      00140 ;  pBlock Stats: dbName = C
                      00141 ;***
                      00142 ;entry:  _timer_start   ;Function start
                      00143 ; 2 exit points
                      00144 ;has an exit
                      00145 ;; Starting pCode block
0000                  00146 _timer_start    ;Function start
                      00147 ; 2 exit points
                      00148 ;       .line   23; "timer.c"   T1CON |= 0x01;
0000   ???? ????      00149         BANKSEL _T1CON
0002   14??           00150         BSF     _T1CON,0
gpasm-1.2.0 #980 (Jun  5 2013) build/default/   6-24-2015  15:41:23         PAGE  4


LOC  OBJECT CODE     LINE SOURCE TEXT
  VALUE

0003   0008           00151         RETURN  
                      00152 ; exit point of _timer_start
                      00153 
                      00154 ;***
                      00155 ;  pBlock Stats: dbName = C
                      00156 ;***
                      00157 ;entry:  _timer_init    ;Function start
                      00158 ; 2 exit points
                      00159 ;has an exit
                      00160 ;; Starting pCode block
0004                  00161 _timer_init     ;Function start
                      00162 ; 2 exit points
                      00163 ;       .line   13; "timer.c"   T1CON = 0x00;
0004   ???? ????      00164         BANKSEL _T1CON
0006   01??           00165         CLRF    _T1CON
                      00166 ;       .line   15; "timer.c"   TMR1H = ciclos >> 8;
0007   30FA           00167         MOVLW   0xfa
0008   00??           00168         MOVWF   _TMR1H
                      00169 ;       .line   17; "timer.c"   TMR1L = ciclos & 0x00ff;
0009   3011           00170         MOVLW   0x11
000A   00??           00171         MOVWF   _TMR1L
000B   0008           00172         RETURN  
                      00173 ; exit point of _timer_init
                      00174 
                      00175 
                      00176 ;       code size estimation:
                      00177 ;           8+    2 =    10 instructions (   24 byte)
                      00178 
                      00179         end
gpasm-1.2.0 #980 (Jun  5 2013) build/default/   6-24-2015  15:41:23         PAGE  5


SYMBOL TABLE
  LABEL                             VALUE

ADCON0                            0000001F
ADCON1                            0000009F
ADCS0                             00000006
ADCS1                             00000007
ADCS2                             00000006
ADDEN                             00000003
ADFM                              00000007
ADIE                              00000006
ADIF                              00000006
ADON                              00000000
ADRESH                            0000001E
ADRESL                            0000009E
ANS0                              00000000
ANS1                              00000001
ANS2                              00000002
ANS3                              00000003
ANS4                              00000004
ANS5                              00000005
ANS6                              00000006
ANSEL                             0000009B
BF                                00000000
BRGH                              00000002
C                                 00000000
C1INV                             00000004
C1OUT                             00000006
C2INV                             00000005
C2OUT                             00000007
CCP1CON                           00000017
CCP1IE                            00000002
CCP1IF                            00000002
CCP1M0                            00000000
CCP1M1                            00000001
CCP1M2                            00000002
CCP1M3                            00000003
CCP1X                             00000005
CCP1Y                             00000004
CCPR1                             00000015
CCPR1H                            00000016
CCPR1L                            00000015
CHS0                              00000003
CHS1                              00000004
CHS2                              00000005
CIS                               00000003
CKE                               00000006
CKP                               00000004
CM0                               00000000
CM1                               00000001
CM2                               00000002
CMCON                             0000009C
CMIE                              00000006
CMIF                              00000006
CREN                              00000004
CSRC                              00000007
gpasm-1.2.0 #980 (Jun  5 2013) build/default/   6-24-2015  15:41:23         PAGE  6


SYMBOL TABLE
  LABEL                             VALUE 

CVR0                              00000000
CVR1                              00000001
CVR2                              00000002
CVR3                              00000003
CVRCON                            0000009D
CVREN                             00000007
CVROE                             00000006
CVRR                              00000005
D                                 00000005
DATA_ADDRESS                      00000005
DC                                00000001
D_A                               00000005
D_NOT_A                           00000005
EEADR                             0000010D
EEADRH                            0000010F
EECON1                            0000018C
EECON2                            0000018D
EEDATA                            0000010C
EEDATH                            0000010E
EEIE                              00000004
EEIF                              00000004
EEPGD                             00000007
F                                 00000001
FERR                              00000002
FREE                              00000004
FSR                               00000004
GIE                               00000007
GO                                00000002
GO_DONE                           00000002
GO_NOT_DONE                       00000002
I2C_DATA                          00000005
I2C_READ                          00000002
I2C_START                         00000003
I2C_STOP                          00000004
INDF                              00000000
INT0IE                            00000004
INT0IF                            00000001
INTCON                            0000000B
INTE                              00000004
INTEDG                            00000006
INTF                              00000001
IOFS                              00000002
IRCF0                             00000004
IRCF1                             00000005
IRCF2                             00000006
IRP                               00000007
NOT_A                             00000005
NOT_ADDRESS                       00000005
NOT_BO                            00000000
NOT_BOR                           00000000
NOT_DONE                          00000002
NOT_PD                            00000003
NOT_POR                           00000001
gpasm-1.2.0 #980 (Jun  5 2013) build/default/   6-24-2015  15:41:23         PAGE  7


SYMBOL TABLE
  LABEL                             VALUE 

NOT_RBPU                          00000007
NOT_RC8                           00000006
NOT_T1SYNC                        00000002
NOT_TO                            00000004
NOT_TX8                           00000006
NOT_W                             00000002
NOT_WRITE                         00000002
OERR                              00000001
OPTION_REG                        00000081
OSCCON                            0000008F
OSCTUNE                           00000090
OSFIE                             00000007
OSFIF                             00000007
OSTS                              00000003
P                                 00000004
PCL                               00000002
PCLATH                            0000000A
PCON                              0000008E
PEIE                              00000006
PIE1                              0000008C
PIE2                              0000008D
PIR1                              0000000C
PIR2                              0000000D
PORTA                             00000005
PORTB                             00000006
PR2                               00000092
PS0                               00000000
PS1                               00000001
PS2                               00000002
PSA                               00000003
PSAVE                             00000000
R                                 00000002
RA0                               00000000
RA1                               00000001
RA2                               00000002
RA3                               00000003
RA4                               00000004
RA5                               00000005
RA6                               00000006
RA7                               00000007
RB0                               00000000
RB1                               00000001
RB2                               00000002
RB3                               00000003
RB4                               00000004
RB5                               00000005
RB6                               00000006
RB7                               00000007
RBIE                              00000003
RBIF                              00000000
RC8_9                             00000006
RC9                               00000006
RCD8                              00000000
gpasm-1.2.0 #980 (Jun  5 2013) build/default/   6-24-2015  15:41:23         PAGE  8


SYMBOL TABLE
  LABEL                             VALUE 

RCIE                              00000005
RCIF                              00000005
RCREG                             0000001A
RCSTA                             00000018
RD                                00000000
READ_WRITE                        00000002
RP0                               00000005
RP1                               00000006
RX9                               00000006
RX9D                              00000000
R_NOT_W                           00000002
R_W                               00000002
S                                 00000003
SCS0                              00000000
SCS1                              00000001
SMP                               00000007
SPBRG                             00000099
SPEN                              00000007
SREN                              00000005
SSAVE                             00000000
SSPADD                            00000093
SSPBUF                            00000013
SSPCON                            00000014
SSPEN                             00000005
SSPIE                             00000003
SSPIF                             00000003
SSPM0                             00000000
SSPM1                             00000001
SSPM2                             00000002
SSPM3                             00000003
SSPOV                             00000006
SSPSTAT                           00000094
STATUS                            00000003
STK00                             00000000
STK01                             00000000
STK02                             00000000
STK03                             00000000
STK04                             00000000
STK05                             00000000
STK06                             00000000
STK07                             00000000
STK08                             00000000
STK09                             00000000
STK10                             00000000
STK11                             00000000
STK12                             00000000
SWDTE                             00000000
SWDTEN                            00000000
SYNC                              00000004
T0CS                              00000005
T0SE                              00000004
T1CKPS0                           00000004
T1CKPS1                           00000005
gpasm-1.2.0 #980 (Jun  5 2013) build/default/   6-24-2015  15:41:23         PAGE  9


SYMBOL TABLE
  LABEL                             VALUE 

T1CON                             00000010
T1INSYNC                          00000002
T1OSCEN                           00000003
T1RUN                             00000006
T2CKPS0                           00000000
T2CKPS1                           00000001
T2CON                             00000012
TMR0                              00000001
TMR0IE                            00000005
TMR0IF                            00000002
TMR1                              0000000E
TMR1CS                            00000001
TMR1H                             0000000F
TMR1IE                            00000000
TMR1IF                            00000000
TMR1L                             0000000E
TMR1ON                            00000000
TMR2                              00000011
TMR2IE                            00000001
TMR2IF                            00000001
TMR2ON                            00000002
TOUTPS0                           00000003
TOUTPS1                           00000004
TOUTPS2                           00000005
TOUTPS3                           00000006
TRISA                             00000085
TRISA0                            00000000
TRISA1                            00000001
TRISA2                            00000002
TRISA3                            00000003
TRISA4                            00000004
TRISA5                            00000005
TRISA6                            00000006
TRISA7                            00000007
TRISB                             00000086
TRISB0                            00000000
TRISB1                            00000001
TRISB2                            00000002
TRISB3                            00000003
TRISB4                            00000004
TRISB5                            00000005
TRISB6                            00000006
TRISB7                            00000007
TRMT                              00000001
TUN0                              00000000
TUN1                              00000001
TUN2                              00000002
TUN3                              00000003
TUN4                              00000004
TUN5                              00000005
TX8_9                             00000006
TX9                               00000006
TX9D                              00000000
gpasm-1.2.0 #980 (Jun  5 2013) build/default/   6-24-2015  15:41:23         PAGE 10


SYMBOL TABLE
  LABEL                             VALUE 

TXD8                              00000000
TXEN                              00000005
TXIE                              00000004
TXIF                              00000004
TXREG                             00000019
TXSTA                             00000098
UA                                00000001
VCFG0                             00000004
VCFG1                             00000005
W                                 00000000
WCOL                              00000007
WDTCON                            00000105
WDTPS0                            00000001
WDTPS1                            00000002
WDTPS2                            00000003
WDTPS3                            00000004
WR                                00000001
WREN                              00000002
WRERR                             00000003
WSAVE                             00000000
Z                                 00000002
_ADCON0                           00000000
_ADCON0bits                       00000000
_ADCON1                           00000000
_ADCON1bits                       00000000
_ADRESH                           00000000
_ADRESL                           00000000
_ANSEL                            00000000
_ANSELbits                        00000000
_BODEN_OFF                        00003FBF
_BODEN_ON                         00003FFF
_BOREN_OFF                        00003FBF
_BOREN_ON                         00003FFF
_CCP1CON                          00000000
_CCP1CONbits                      00000000
_CCP1_RB0                         00003FFF
_CCP1_RB3                         00002FFF
_CCPMX_RB0                        00003FFF
_CCPMX_RB3                        00002FFF
_CCPR1                            00000000
_CCPR1H                           00000000
_CCPR1L                           00000000
_CMCON                            00000000
_CMCONbits                        00000000
_CONFIG1                          00002007
_CONFIG2                          00002008
_CPD_OFF                          00003FFF
_CPD_ON                           00003EFF
_CP_ALL                           00001FFF
_CP_OFF                           00003FFF
_CP_ON                            00001FFF
_CVRCON                           00000000
_CVRCONbits                       00000000
gpasm-1.2.0 #980 (Jun  5 2013) build/default/   6-24-2015  15:41:23         PAGE 11


SYMBOL TABLE
  LABEL                             VALUE 

_DEBUG_OFF                        00003FFF
_DEBUG_ON                         000037FF
_DEVID1                           00002006
_EEADR                            00000000
_EEADRH                           00000000
_EECON1                           00000000
_EECON1bits                       00000000
_EECON2                           00000000
_EEDATA                           00000000
_EEDATH                           00000000
_EXTCLK                           00003FEF
_EXTRC_CLKOUT                     00003FFF
_EXTRC_IO                         00003FFE
_FCMEN_OFF                        00003FFE
_FCMEN_ON                         00003FFF
_FOSC_EC                          00003FEF
_FOSC_EXTRCCLK                    00003FFF
_FOSC_EXTRCIO                     00003FFE
_FOSC_HS                          00003FEE
_FOSC_INTOSCCLK                   00003FFD
_FOSC_INTOSCIO                    00003FFC
_FOSC_LP                          00003FEC
_FOSC_XT                          00003FED
_FSR                              00000000
_HS_OSC                           00003FEE
_IDLOC0                           00002000
_IDLOC1                           00002001
_IDLOC2                           00002002
_IDLOC3                           00002003
_IESO_OFF                         00003FFD
_IESO_ON                          00003FFF
_INDF                             00000000
_INTCON                           00000000
_INTCONbits                       00000000
_INTRC_CLKOUT                     00003FFD
_INTRC_IO                         00003FFC
_LP_OSC                           00003FEC
_LVP_OFF                          00003F7F
_LVP_ON                           00003FFF
_MCLRE_OFF                        00003FDF
_MCLRE_ON                         00003FFF
_MCLR_OFF                         00003FDF
_MCLR_ON                          00003FFF
_OPTION_REG                       00000000
_OPTION_REGbits                   00000000
_OSCCON                           00000000
_OSCCONbits                       00000000
_OSCTUNE                          00000000
_OSCTUNEbits                      00000000
_PCL                              00000000
_PCLATH                           00000000
_PCON                             00000000
_PCONbits                         00000000
gpasm-1.2.0 #980 (Jun  5 2013) build/default/   6-24-2015  15:41:23         PAGE 12


SYMBOL TABLE
  LABEL                             VALUE 

_PIE1                             00000000
_PIE1bits                         00000000
_PIE2                             00000000
_PIE2bits                         00000000
_PIR1                             00000000
_PIR1bits                         00000000
_PIR2                             00000000
_PIR2bits                         00000000
_PORTA                            00000000
_PORTAbits                        00000000
_PORTB                            00000000
_PORTBbits                        00000000
_PR2                              00000000
_PWRTE_OFF                        00003FFF
_PWRTE_ON                         00003FF7
_RCREG                            00000000
_RCSTA                            00000000
_RCSTAbits                        00000000
_SPBRG                            00000000
_SSPADD                           00000000
_SSPBUF                           00000000
_SSPCON                           00000000
_SSPCONbits                       00000000
_SSPSTAT                          00000000
_SSPSTATbits                      00000000
_STATUS                           00000000
_STATUSbits                       00000000
_T1CON                            00000000
_T1CONbits                        00000000
_T2CON                            00000000
_T2CONbits                        00000000
_TMR0                             00000000
_TMR1                             00000000
_TMR1H                            00000000
_TMR1L                            00000000
_TMR2                             00000000
_TRISA                            00000000
_TRISAbits                        00000000
_TRISB                            00000000
_TRISBbits                        00000000
_TXREG                            00000000
_TXSTA                            00000000
_TXSTAbits                        00000000
_WDTCON                           00000000
_WDTCONbits                       00000000
_WDTE_OFF                         00003FFB
_WDTE_ON                          00003FFF
_WDT_OFF                          00003FFB
_WDT_ON                           00003FFF
_WRT_2048                         00003BFF
_WRT_256                          00003DFF
_WRT_ALL                          000039FF
_WRT_OFF                          00003FFF
gpasm-1.2.0 #980 (Jun  5 2013) build/default/   6-24-2015  15:41:23         PAGE 13


SYMBOL TABLE
  LABEL                             VALUE 

_WRT_PROTECT_2048                 00003BFF
_WRT_PROTECT_256                  00003DFF
_WRT_PROTECT_ALL                  000039FF
_WRT_PROTECT_OFF                  00003FFF
_XT_OSC                           00003FED
__16F88                           00000001
_timer_init                       00000004
_timer_start                      00000000

Errors   :     0
Warnings :     0 reported,     0 suppressed
Messages :     0 reported,     0 suppressed

